<?xml version="1.0" encoding="UTF-8"?>
<testsuites name="TS LOGIN VALID" time="47.129" tests="3" failures="1" errors="0">
   <testsuite name="TS LOGIN VALID" tests="3" failures="1" errors="0" time="47.129" skipped="0" timestamp="2023-05-23 17:51:28" hostname="Rio Tamara - DESKTOP-4V6280S" id="Test Suites/TS LOGIN VALID">
      <properties>
         <property name="deviceName" value=""/>
         <property name="devicePlatform" value=""/>
         <property name="logFolder" value="E:\\Sahassa\\DBS REGLA\\Katalon Test Script\\DBS REGLA\\DBS-REGLA-TESTCASE\\Reports\\20230523_175125\\TS LOGIN VALID\\20230523_175125"/>
         <property name="logFiles" value="E:\\Sahassa\\DBS REGLA\\Katalon Test Script\\DBS REGLA\\DBS-REGLA-TESTCASE\\Reports\\20230523_175125\\TS LOGIN VALID\\20230523_175125\\execution0.log"/>
         <property name="attachments" value="E:\\Sahassa\\DBS REGLA\\Katalon Test Script\\DBS REGLA\\DBS-REGLA-TESTCASE\\Reports\\20230523_175125\\TS LOGIN VALID\\20230523_175125\\1684839135250.png"/>
         <property name="hostName" value="Rio Tamara - DESKTOP-4V6280S"/>
         <property name="os" value="Windows 10 64bit"/>
         <property name="katalonVersion" value="8.6.0.208"/>
         <property name="browser" value="Chrome 113.0.0.0"/>
         <property name="hostAddress" value="192.168.246.1"/>
         <property name="sessionId" value="997f1cfc817758e486f1c91fc282bdfa"/>
         <property name="seleniumVersion" value="3.141.59"/>
         <property name="proxyInformation" value="ProxyInformation { proxyOption=NO_PROXY, proxyServerType=HTTP, username=, password=********, proxyServerAddress=, proxyServerPort=0, executionList=&quot;&quot;, isApplyToDesiredCapabilities=true }"/>
         <property name="platform" value="Windows 10"/>
      </properties>
      <testcase name="Test Cases/Login/TC.REGLA.LOGIN.001" time="5.365" classname="Test Cases/Login/TC.REGLA.LOGIN.001" status="PASSED">
         <system-out><![CDATA[2023-05-23 17:51:29 - [TEST_CASE][PASSED] - Test Cases/Login/TC.REGLA.LOGIN.001: Test Cases/Login/TC.REGLA.LOGIN.001

2023-05-23 17:51:29 - [TEST_STEP][PASSED] - openBrowser(""): Browser is opened with url: ''

2023-05-23 17:51:29 - [MESSAGE][INFO] - Starting 'Chrome' driver

2023-05-23 17:51:29 - [MESSAGE][INFO] - Action delay is set to 0 milliseconds

2023-05-23 17:51:32 - [MESSAGE][PASSED] - Browser is opened with url: ''

2023-05-23 17:51:32 - [TEST_STEP][PASSED] - navigateToUrl("https://shsdev-rw.southeastasia.cloudapp.azure.com:8082/login?to=/login"): Navigate to 'https://shsdev-rw.southeastasia.cloudapp.azure.com:8082/login?to=/login' successfully

2023-05-23 17:51:33 - [MESSAGE][PASSED] - Navigate to 'https://shsdev-rw.southeastasia.cloudapp.azure.com:8082/login?to=/login' successfully

2023-05-23 17:51:33 - [TEST_STEP][PASSED] - verifyElementText(findTestObject("Object Repository/LOGIN/URL/URL LOGIN VALID/h3_Sahassa Regla"), "Sahassa Regla"): Actual text and expected text of test object 'Object Repository/LOGIN/URL/URL LOGIN VALID/h3_Sahassa Regla' are matched.

2023-05-23 17:51:34 - [MESSAGE][PASSED] - Actual text and expected text of test object 'Object Repository/LOGIN/URL/URL LOGIN VALID/h3_Sahassa Regla' are matched.]]></system-out>
         <system-err><![CDATA[]]></system-err>
      </testcase>
      <testcase name="Test Cases/Login/TC.REGLA.LOGIN.003" time="6.52" classname="Test Cases/Login/TC.REGLA.LOGIN.003" status="PASSED">
         <system-out><![CDATA[2023-05-23 17:51:34 - [TEST_CASE][PASSED] - Test Cases/Login/TC.REGLA.LOGIN.003: Test Cases/Login/TC.REGLA.LOGIN.003

2023-05-23 17:51:34 - [TEST_STEP][PASSED] - openBrowser(""): Browser is opened with url: ''

2023-05-23 17:51:34 - [MESSAGE][WARNING] - A browser is already opened. Closing browser and opening a new one

2023-05-23 17:51:35 - [MESSAGE][INFO] - Starting 'Chrome' driver

2023-05-23 17:51:35 - [MESSAGE][INFO] - Action delay is set to 0 milliseconds

2023-05-23 17:51:36 - [MESSAGE][PASSED] - Browser is opened with url: ''

2023-05-23 17:51:36 - [TEST_STEP][PASSED] - navigateToUrl("https://shsdev-rw.southeastasia.cloudapp.azure.com:8082/login?to=/login"): Navigate to 'https://shsdev-rw.southeastasia.cloudapp.azure.com:8082/login?to=/login' successfully

2023-05-23 17:51:38 - [MESSAGE][PASSED] - Navigate to 'https://shsdev-rw.southeastasia.cloudapp.azure.com:8082/login?to=/login' successfully

2023-05-23 17:51:38 - [TEST_STEP][PASSED] - click(findTestObject("Object Repository/LOGIN/Username Password/USERNAME PASSWORD VALID/input_Please login to your account_p-inputt_ee1a72")): Object: 'Object Repository/LOGIN/Username Password/USERNAME PASSWORD VALID/input_Please login to your account_p-inputt_ee1a72' is clicked on

2023-05-23 17:51:39 - [MESSAGE][PASSED] - Object: 'Object Repository/LOGIN/Username Password/USERNAME PASSWORD VALID/input_Please login to your account_p-inputt_ee1a72' is clicked on

2023-05-23 17:51:39 - [TEST_STEP][PASSED] - setText(findTestObject("Object Repository/LOGIN/Username Password/USERNAME PASSWORD VALID/input_Please login to your account_p-inputt_839be9"), "rio04"): Text 'rio04' is set on object 'Object Repository/LOGIN/Username Password/USERNAME PASSWORD VALID/input_Please login to your account_p-inputt_839be9'

2023-05-23 17:51:39 - [MESSAGE][PASSED] - Text 'rio04' is set on object 'Object Repository/LOGIN/Username Password/USERNAME PASSWORD VALID/input_Please login to your account_p-inputt_839be9'

2023-05-23 17:51:39 - [TEST_STEP][PASSED] - setEncryptedText(findTestObject("Object Repository/LOGIN/Username Password/USERNAME PASSWORD VALID/input_Username_p-inputtext p-component p-filled"), "6QjJ2wt5F0PN5KX+Gomc+A=="): Text ****** has been set on object 'Object Repository/LOGIN/Username Password/USERNAME PASSWORD VALID/input_Username_p-inputtext p-component p-filled'

2023-05-23 17:51:40 - [MESSAGE][PASSED] - Text ****** has been set on object 'Object Repository/LOGIN/Username Password/USERNAME PASSWORD VALID/input_Username_p-inputtext p-component p-filled'

2023-05-23 17:51:40 - [TEST_STEP][PASSED] - click(findTestObject("Object Repository/LOGIN/Username Password/USERNAME PASSWORD VALID/span_LOGIN")): Object: 'Object Repository/LOGIN/Username Password/USERNAME PASSWORD VALID/span_LOGIN' is clicked on

2023-05-23 17:51:40 - [MESSAGE][PASSED] - Object: 'Object Repository/LOGIN/Username Password/USERNAME PASSWORD VALID/span_LOGIN' is clicked on]]></system-out>
         <system-err><![CDATA[]]></system-err>
      </testcase>
      <testcase name="Test Cases/Login/TC.REGLA.LOGOUT.001" time="34.92" classname="Test Cases/Login/TC.REGLA.LOGOUT.001" status="FAILED">
         <failure type="FAILED" message="Test Cases/Login/TC.REGLA.LOGOUT.001 FAILED.
Reason:
com.kms.katalon.core.exception.StepFailedException: Unable to click on object 'Object Repository/LOGOUT/URL LOGOUT/span_R'
	at com.kms.katalon.core.webui.keyword.internal.WebUIKeywordMain.stepFailed(WebUIKeywordMain.groovy:64)
	at com.kms.katalon.core.webui.keyword.internal.WebUIKeywordMain.runKeyword(WebUIKeywordMain.groovy:26)
	at com.kms.katalon.core.webui.keyword.builtin.ClickKeyword.click(ClickKeyword.groovy:74)
	at com.kms.katalon.core.webui.keyword.builtin.ClickKeyword.execute(ClickKeyword.groovy:40)
	at com.kms.katalon.core.keyword.internal.KeywordExecutor.executeKeywordForPlatform(KeywordExecutor.groovy:74)
	at com.kms.katalon.core.webui.keyword.WebUiBuiltInKeywords.click(WebUiBuiltInKeywords.groovy:620)
	at com.kms.katalon.core.webui.keyword.WebUiBuiltInKeywords$click$2.call(Unknown Source)
	at TC.REGLA.LOGOUT.001.run(TC.REGLA.LOGOUT.001:24)
	at com.kms.katalon.core.main.ScriptEngine.run(ScriptEngine.java:194)
	at com.kms.katalon.core.main.ScriptEngine.runScriptAsRawText(ScriptEngine.java:119)
	at com.kms.katalon.core.main.TestCaseExecutor.runScript(TestCaseExecutor.java:448)
	at com.kms.katalon.core.main.TestCaseExecutor.doExecute(TestCaseExecutor.java:439)
	at com.kms.katalon.core.main.TestCaseExecutor.processExecutionPhase(TestCaseExecutor.java:418)
	at com.kms.katalon.core.main.TestCaseExecutor.accessMainPhase(TestCaseExecutor.java:410)
	at com.kms.katalon.core.main.TestCaseExecutor.execute(TestCaseExecutor.java:285)
	at com.kms.katalon.core.common.CommonExecutor.accessTestCaseMainPhase(CommonExecutor.java:65)
	at com.kms.katalon.core.main.TestSuiteExecutor.accessTestSuiteMainPhase(TestSuiteExecutor.java:148)
	at com.kms.katalon.core.main.TestSuiteExecutor.execute(TestSuiteExecutor.java:106)
	at com.kms.katalon.core.main.TestCaseMain.startTestSuite(TestCaseMain.java:187)
	at com.kms.katalon.core.main.TestCaseMain$startTestSuite$0.call(Unknown Source)
	at TempTestSuite1684839085721.run(TempTestSuite1684839085721.groovy:36)
Caused by: com.kms.katalon.core.webui.exception.WebElementNotFoundException: Web element with id: 'Object Repository/LOGOUT/URL LOGOUT/span_R' located by '//span[@class='p-avatar-text']' not found
	at com.kms.katalon.core.webui.common.WebUiCommonHelper.findWebElement(WebUiCommonHelper.java:1376)
	at com.kms.katalon.core.webui.keyword.internal.WebUIAbstractKeyword.findWebElement(WebUIAbstractKeyword.groovy:27)
	at com.kms.katalon.core.webui.keyword.builtin.ClickKeyword$_click_closure1.doCall(ClickKeyword.groovy:65)
	at com.kms.katalon.core.webui.keyword.builtin.ClickKeyword$_click_closure1.call(ClickKeyword.groovy)
	at com.kms.katalon.core.webui.keyword.internal.WebUIKeywordMain.runKeyword(WebUIKeywordMain.groovy:20)
	... 19 more
"/>
         <system-out><![CDATA[2023-05-23 17:51:40 - [TEST_CASE][FAILED] - Test Cases/Login/TC.REGLA.LOGOUT.001: Test Cases/Login/TC.REGLA.LOGOUT.001 FAILED.
Reason:
com.kms.katalon.core.exception.StepFailedException: Unable to click on object 'Object Repository/LOGOUT/URL LOGOUT/span_R'
	at com.kms.katalon.core.webui.keyword.internal.WebUIKeywordMain.stepFailed(WebUIKeywordMain.groovy:64)
	at com.kms.katalon.core.webui.keyword.internal.WebUIKeywordMain.runKeyword(WebUIKeywordMain.groovy:26)
	at com.kms.katalon.core.webui.keyword.builtin.ClickKeyword.click(ClickKeyword.groovy:74)
	at com.kms.katalon.core.webui.keyword.builtin.ClickKeyword.execute(ClickKeyword.groovy:40)
	at com.kms.katalon.core.keyword.internal.KeywordExecutor.executeKeywordForPlatform(KeywordExecutor.groovy:74)
	at com.kms.katalon.core.webui.keyword.WebUiBuiltInKeywords.click(WebUiBuiltInKeywords.groovy:620)
	at com.kms.katalon.core.webui.keyword.WebUiBuiltInKeywords$click$2.call(Unknown Source)
	at TC.REGLA.LOGOUT.001.run(TC.REGLA.LOGOUT.001:24)
	at com.kms.katalon.core.main.ScriptEngine.run(ScriptEngine.java:194)
	at com.kms.katalon.core.main.ScriptEngine.runScriptAsRawText(ScriptEngine.java:119)
	at com.kms.katalon.core.main.TestCaseExecutor.runScript(TestCaseExecutor.java:448)
	at com.kms.katalon.core.main.TestCaseExecutor.doExecute(TestCaseExecutor.java:439)
	at com.kms.katalon.core.main.TestCaseExecutor.processExecutionPhase(TestCaseExecutor.java:418)
	at com.kms.katalon.core.main.TestCaseExecutor.accessMainPhase(TestCaseExecutor.java:410)
	at com.kms.katalon.core.main.TestCaseExecutor.execute(TestCaseExecutor.java:285)
	at com.kms.katalon.core.common.CommonExecutor.accessTestCaseMainPhase(CommonExecutor.java:65)
	at com.kms.katalon.core.main.TestSuiteExecutor.accessTestSuiteMainPhase(TestSuiteExecutor.java:148)
	at com.kms.katalon.core.main.TestSuiteExecutor.execute(TestSuiteExecutor.java:106)
	at com.kms.katalon.core.main.TestCaseMain.startTestSuite(TestCaseMain.java:187)
	at com.kms.katalon.core.main.TestCaseMain$startTestSuite$0.call(Unknown Source)
	at TempTestSuite1684839085721.run(TempTestSuite1684839085721.groovy:36)
Caused by: com.kms.katalon.core.webui.exception.WebElementNotFoundException: Web element with id: 'Object Repository/LOGOUT/URL LOGOUT/span_R' located by '//span[@class='p-avatar-text']' not found
	at com.kms.katalon.core.webui.common.WebUiCommonHelper.findWebElement(WebUiCommonHelper.java:1376)
	at com.kms.katalon.core.webui.keyword.internal.WebUIAbstractKeyword.findWebElement(WebUIAbstractKeyword.groovy:27)
	at com.kms.katalon.core.webui.keyword.builtin.ClickKeyword$_click_closure1.doCall(ClickKeyword.groovy:65)
	at com.kms.katalon.core.webui.keyword.builtin.ClickKeyword$_click_closure1.call(ClickKeyword.groovy)
	at com.kms.katalon.core.webui.keyword.internal.WebUIKeywordMain.runKeyword(WebUIKeywordMain.groovy:20)
	... 19 more


2023-05-23 17:51:41 - [TEST_STEP][PASSED] - openBrowser(""): Browser is opened with url: ''

2023-05-23 17:51:41 - [MESSAGE][WARNING] - A browser is already opened. Closing browser and opening a new one

2023-05-23 17:51:42 - [MESSAGE][INFO] - Starting 'Chrome' driver

2023-05-23 17:51:42 - [MESSAGE][INFO] - Action delay is set to 0 milliseconds

2023-05-23 17:51:43 - [MESSAGE][PASSED] - Browser is opened with url: ''

2023-05-23 17:51:43 - [TEST_STEP][PASSED] - navigateToUrl("https://shsdev-rw.southeastasia.cloudapp.azure.com:8082/login?to=/login"): Navigate to 'https://shsdev-rw.southeastasia.cloudapp.azure.com:8082/login?to=/login' successfully

2023-05-23 17:51:44 - [MESSAGE][PASSED] - Navigate to 'https://shsdev-rw.southeastasia.cloudapp.azure.com:8082/login?to=/login' successfully

2023-05-23 17:51:44 - [TEST_STEP][FAILED] - click(findTestObject("Object Repository/LOGOUT/URL LOGOUT/span_R")): Unable to click on object 'Object Repository/LOGOUT/URL LOGOUT/span_R' (Root cause: com.kms.katalon.core.exception.StepFailedException: Unable to click on object 'Object Repository/LOGOUT/URL LOGOUT/span_R'
	at com.kms.katalon.core.webui.keyword.internal.WebUIKeywordMain.stepFailed(WebUIKeywordMain.groovy:64)
	at com.kms.katalon.core.webui.keyword.internal.WebUIKeywordMain.runKeyword(WebUIKeywordMain.groovy:26)
	at com.kms.katalon.core.webui.keyword.builtin.ClickKeyword.click(ClickKeyword.groovy:74)
	at com.kms.katalon.core.webui.keyword.builtin.ClickKeyword.execute(ClickKeyword.groovy:40)
	at com.kms.katalon.core.keyword.internal.KeywordExecutor.executeKeywordForPlatform(KeywordExecutor.groovy:74)
	at com.kms.katalon.core.webui.keyword.WebUiBuiltInKeywords.click(WebUiBuiltInKeywords.groovy:620)
	at com.kms.katalon.core.webui.keyword.WebUiBuiltInKeywords$click$2.call(Unknown Source)
	at TC.REGLA.LOGOUT.001.run(TC.REGLA.LOGOUT.001:24)
	at com.kms.katalon.core.main.ScriptEngine.run(ScriptEngine.java:194)
	at com.kms.katalon.core.main.ScriptEngine.runScriptAsRawText(ScriptEngine.java:119)
	at com.kms.katalon.core.main.TestCaseExecutor.runScript(TestCaseExecutor.java:448)
	at com.kms.katalon.core.main.TestCaseExecutor.doExecute(TestCaseExecutor.java:439)
	at com.kms.katalon.core.main.TestCaseExecutor.processExecutionPhase(TestCaseExecutor.java:418)
	at com.kms.katalon.core.main.TestCaseExecutor.accessMainPhase(TestCaseExecutor.java:410)
	at com.kms.katalon.core.main.TestCaseExecutor.execute(TestCaseExecutor.java:285)
	at com.kms.katalon.core.common.CommonExecutor.accessTestCaseMainPhase(CommonExecutor.java:65)
	at com.kms.katalon.core.main.TestSuiteExecutor.accessTestSuiteMainPhase(TestSuiteExecutor.java:148)
	at com.kms.katalon.core.main.TestSuiteExecutor.execute(TestSuiteExecutor.java:106)
	at com.kms.katalon.core.main.TestCaseMain.startTestSuite(TestCaseMain.java:187)
	at com.kms.katalon.core.main.TestCaseMain$startTestSuite$0.call(Unknown Source)
	at TempTestSuite1684839085721.run(TempTestSuite1684839085721.groovy:36)
Caused by: com.kms.katalon.core.webui.exception.WebElementNotFoundException: Web element with id: 'Object Repository/LOGOUT/URL LOGOUT/span_R' located by '//span[@class='p-avatar-text']' not found
	at com.kms.katalon.core.webui.common.WebUiCommonHelper.findWebElement(WebUiCommonHelper.java:1376)
	at com.kms.katalon.core.webui.keyword.internal.WebUIAbstractKeyword.findWebElement(WebUIAbstractKeyword.groovy:27)
	at com.kms.katalon.core.webui.keyword.builtin.ClickKeyword$_click_closure1.doCall(ClickKeyword.groovy:65)
	at com.kms.katalon.core.webui.keyword.builtin.ClickKeyword$_click_closure1.call(ClickKeyword.groovy)
	at com.kms.katalon.core.webui.keyword.internal.WebUIKeywordMain.runKeyword(WebUIKeywordMain.groovy:20)
	at com.kms.katalon.core.webui.keyword.builtin.ClickKeyword.click(ClickKeyword.groovy:74)
	at com.kms.katalon.core.webui.keyword.builtin.ClickKeyword.execute(ClickKeyword.groovy:40)
	at com.kms.katalon.core.keyword.internal.KeywordExecutor.executeKeywordForPlatform(KeywordExecutor.groovy:74)
	at com.kms.katalon.core.webui.keyword.WebUiBuiltInKeywords.click(WebUiBuiltInKeywords.groovy:620)
	at com.kms.katalon.core.webui.keyword.WebUiBuiltInKeywords$click$2.call(Unknown Source)
	at Script1684837199331.run(Script1684837199331.groovy:24)
	... 13 more
)

2023-05-23 17:52:15 - [MESSAGE][INFO] - Unable to find the element located by 'By.xpath: //span[@class='p-avatar-text']'. Please recheck the objects properties to make sure the desired element is located. 

2023-05-23 17:52:15 - [MESSAGE][FAILED] - Unable to click on object 'Object Repository/LOGOUT/URL LOGOUT/span_R' (Root cause: com.kms.katalon.core.exception.StepFailedException: Unable to click on object 'Object Repository/LOGOUT/URL LOGOUT/span_R'
	at com.kms.katalon.core.webui.keyword.internal.WebUIKeywordMain.stepFailed(WebUIKeywordMain.groovy:64)
	at com.kms.katalon.core.webui.keyword.internal.WebUIKeywordMain.runKeyword(WebUIKeywordMain.groovy:26)
	at com.kms.katalon.core.webui.keyword.builtin.ClickKeyword.click(ClickKeyword.groovy:74)
	at com.kms.katalon.core.webui.keyword.builtin.ClickKeyword.execute(ClickKeyword.groovy:40)
	at com.kms.katalon.core.keyword.internal.KeywordExecutor.executeKeywordForPlatform(KeywordExecutor.groovy:74)
	at com.kms.katalon.core.webui.keyword.WebUiBuiltInKeywords.click(WebUiBuiltInKeywords.groovy:620)
	at com.kms.katalon.core.webui.keyword.WebUiBuiltInKeywords$click$2.call(Unknown Source)
	at TC.REGLA.LOGOUT.001.run(TC.REGLA.LOGOUT.001:24)
	at com.kms.katalon.core.main.ScriptEngine.run(ScriptEngine.java:194)
	at com.kms.katalon.core.main.ScriptEngine.runScriptAsRawText(ScriptEngine.java:119)
	at com.kms.katalon.core.main.TestCaseExecutor.runScript(TestCaseExecutor.java:448)
	at com.kms.katalon.core.main.TestCaseExecutor.doExecute(TestCaseExecutor.java:439)
	at com.kms.katalon.core.main.TestCaseExecutor.processExecutionPhase(TestCaseExecutor.java:418)
	at com.kms.katalon.core.main.TestCaseExecutor.accessMainPhase(TestCaseExecutor.java:410)
	at com.kms.katalon.core.main.TestCaseExecutor.execute(TestCaseExecutor.java:285)
	at com.kms.katalon.core.common.CommonExecutor.accessTestCaseMainPhase(CommonExecutor.java:65)
	at com.kms.katalon.core.main.TestSuiteExecutor.accessTestSuiteMainPhase(TestSuiteExecutor.java:148)
	at com.kms.katalon.core.main.TestSuiteExecutor.execute(TestSuiteExecutor.java:106)
	at com.kms.katalon.core.main.TestCaseMain.startTestSuite(TestCaseMain.java:187)
	at com.kms.katalon.core.main.TestCaseMain$startTestSuite$0.call(Unknown Source)
	at TempTestSuite1684839085721.run(TempTestSuite1684839085721.groovy:36)
Caused by: com.kms.katalon.core.webui.exception.WebElementNotFoundException: Web element with id: 'Object Repository/LOGOUT/URL LOGOUT/span_R' located by '//span[@class='p-avatar-text']' not found
	at com.kms.katalon.core.webui.common.WebUiCommonHelper.findWebElement(WebUiCommonHelper.java:1376)
	at com.kms.katalon.core.webui.keyword.internal.WebUIAbstractKeyword.findWebElement(WebUIAbstractKeyword.groovy:27)
	at com.kms.katalon.core.webui.keyword.builtin.ClickKeyword$_click_closure1.doCall(ClickKeyword.groovy:65)
	at com.kms.katalon.core.webui.keyword.builtin.ClickKeyword$_click_closure1.call(ClickKeyword.groovy)
	at com.kms.katalon.core.webui.keyword.internal.WebUIKeywordMain.runKeyword(WebUIKeywordMain.groovy:20)
	at com.kms.katalon.core.webui.keyword.builtin.ClickKeyword.click(ClickKeyword.groovy:74)
	at com.kms.katalon.core.webui.keyword.builtin.ClickKeyword.execute(ClickKeyword.groovy:40)
	at com.kms.katalon.core.keyword.internal.KeywordExecutor.executeKeywordForPlatform(KeywordExecutor.groovy:74)
	at com.kms.katalon.core.webui.keyword.WebUiBuiltInKeywords.click(WebUiBuiltInKeywords.groovy:620)
	at com.kms.katalon.core.webui.keyword.WebUiBuiltInKeywords$click$2.call(Unknown Source)
	at Script1684837199331.run(Script1684837199331.groovy:24)
	... 13 more
)
[[ATTACHMENT|E:\\Sahassa\\DBS REGLA\\Katalon Test Script\\DBS REGLA\\DBS-REGLA-TESTCASE\\Reports\\20230523_175125\\TS LOGIN VALID\\20230523_175125\\1684839135250.png]]]]></system-out>
         <system-err><![CDATA[2023-05-23 17:51:40 - [TEST_CASE][FAILED] - Test Cases/Login/TC.REGLA.LOGOUT.001: Test Cases/Login/TC.REGLA.LOGOUT.001 FAILED.
Reason:
com.kms.katalon.core.exception.StepFailedException: Unable to click on object 'Object Repository/LOGOUT/URL LOGOUT/span_R'
	at com.kms.katalon.core.webui.keyword.internal.WebUIKeywordMain.stepFailed(WebUIKeywordMain.groovy:64)
	at com.kms.katalon.core.webui.keyword.internal.WebUIKeywordMain.runKeyword(WebUIKeywordMain.groovy:26)
	at com.kms.katalon.core.webui.keyword.builtin.ClickKeyword.click(ClickKeyword.groovy:74)
	at com.kms.katalon.core.webui.keyword.builtin.ClickKeyword.execute(ClickKeyword.groovy:40)
	at com.kms.katalon.core.keyword.internal.KeywordExecutor.executeKeywordForPlatform(KeywordExecutor.groovy:74)
	at com.kms.katalon.core.webui.keyword.WebUiBuiltInKeywords.click(WebUiBuiltInKeywords.groovy:620)
	at com.kms.katalon.core.webui.keyword.WebUiBuiltInKeywords$click$2.call(Unknown Source)
	at TC.REGLA.LOGOUT.001.run(TC.REGLA.LOGOUT.001:24)
	at com.kms.katalon.core.main.ScriptEngine.run(ScriptEngine.java:194)
	at com.kms.katalon.core.main.ScriptEngine.runScriptAsRawText(ScriptEngine.java:119)
	at com.kms.katalon.core.main.TestCaseExecutor.runScript(TestCaseExecutor.java:448)
	at com.kms.katalon.core.main.TestCaseExecutor.doExecute(TestCaseExecutor.java:439)
	at com.kms.katalon.core.main.TestCaseExecutor.processExecutionPhase(TestCaseExecutor.java:418)
	at com.kms.katalon.core.main.TestCaseExecutor.accessMainPhase(TestCaseExecutor.java:410)
	at com.kms.katalon.core.main.TestCaseExecutor.execute(TestCaseExecutor.java:285)
	at com.kms.katalon.core.common.CommonExecutor.accessTestCaseMainPhase(CommonExecutor.java:65)
	at com.kms.katalon.core.main.TestSuiteExecutor.accessTestSuiteMainPhase(TestSuiteExecutor.java:148)
	at com.kms.katalon.core.main.TestSuiteExecutor.execute(TestSuiteExecutor.java:106)
	at com.kms.katalon.core.main.TestCaseMain.startTestSuite(TestCaseMain.java:187)
	at com.kms.katalon.core.main.TestCaseMain$startTestSuite$0.call(Unknown Source)
	at TempTestSuite1684839085721.run(TempTestSuite1684839085721.groovy:36)
Caused by: com.kms.katalon.core.webui.exception.WebElementNotFoundException: Web element with id: 'Object Repository/LOGOUT/URL LOGOUT/span_R' located by '//span[@class='p-avatar-text']' not found
	at com.kms.katalon.core.webui.common.WebUiCommonHelper.findWebElement(WebUiCommonHelper.java:1376)
	at com.kms.katalon.core.webui.keyword.internal.WebUIAbstractKeyword.findWebElement(WebUIAbstractKeyword.groovy:27)
	at com.kms.katalon.core.webui.keyword.builtin.ClickKeyword$_click_closure1.doCall(ClickKeyword.groovy:65)
	at com.kms.katalon.core.webui.keyword.builtin.ClickKeyword$_click_closure1.call(ClickKeyword.groovy)
	at com.kms.katalon.core.webui.keyword.internal.WebUIKeywordMain.runKeyword(WebUIKeywordMain.groovy:20)
	... 19 more]]></system-err>
      </testcase>
      <system-out><![CDATA[2023-05-23 17:51:28 - [TEST_SUITE][FAILED] - TS LOGIN VALID: Test Cases/Login/TC.REGLA.LOGOUT.001 FAILED.
Reason:
com.kms.katalon.core.exception.StepFailedException: Unable to click on object 'Object Repository/LOGOUT/URL LOGOUT/span_R'
	at com.kms.katalon.core.webui.keyword.internal.WebUIKeywordMain.stepFailed(WebUIKeywordMain.groovy:64)
	at com.kms.katalon.core.webui.keyword.internal.WebUIKeywordMain.runKeyword(WebUIKeywordMain.groovy:26)
	at com.kms.katalon.core.webui.keyword.builtin.ClickKeyword.click(ClickKeyword.groovy:74)
	at com.kms.katalon.core.webui.keyword.builtin.ClickKeyword.execute(ClickKeyword.groovy:40)
	at com.kms.katalon.core.keyword.internal.KeywordExecutor.executeKeywordForPlatform(KeywordExecutor.groovy:74)
	at com.kms.katalon.core.webui.keyword.WebUiBuiltInKeywords.click(WebUiBuiltInKeywords.groovy:620)
	at com.kms.katalon.core.webui.keyword.WebUiBuiltInKeywords$click$2.call(Unknown Source)
	at TC.REGLA.LOGOUT.001.run(TC.REGLA.LOGOUT.001:24)
	at com.kms.katalon.core.main.ScriptEngine.run(ScriptEngine.java:194)
	at com.kms.katalon.core.main.ScriptEngine.runScriptAsRawText(ScriptEngine.java:119)
	at com.kms.katalon.core.main.TestCaseExecutor.runScript(TestCaseExecutor.java:448)
	at com.kms.katalon.core.main.TestCaseExecutor.doExecute(TestCaseExecutor.java:439)
	at com.kms.katalon.core.main.TestCaseExecutor.processExecutionPhase(TestCaseExecutor.java:418)
	at com.kms.katalon.core.main.TestCaseExecutor.accessMainPhase(TestCaseExecutor.java:410)
	at com.kms.katalon.core.main.TestCaseExecutor.execute(TestCaseExecutor.java:285)
	at com.kms.katalon.core.common.CommonExecutor.accessTestCaseMainPhase(CommonExecutor.java:65)
	at com.kms.katalon.core.main.TestSuiteExecutor.accessTestSuiteMainPhase(TestSuiteExecutor.java:148)
	at com.kms.katalon.core.main.TestSuiteExecutor.execute(TestSuiteExecutor.java:106)
	at com.kms.katalon.core.main.TestCaseMain.startTestSuite(TestCaseMain.java:187)
	at com.kms.katalon.core.main.TestCaseMain$startTestSuite$0.call(Unknown Source)
	at TempTestSuite1684839085721.run(TempTestSuite1684839085721.groovy:36)
Caused by: com.kms.katalon.core.webui.exception.WebElementNotFoundException: Web element with id: 'Object Repository/LOGOUT/URL LOGOUT/span_R' located by '//span[@class='p-avatar-text']' not found
	at com.kms.katalon.core.webui.common.WebUiCommonHelper.findWebElement(WebUiCommonHelper.java:1376)
	at com.kms.katalon.core.webui.keyword.internal.WebUIAbstractKeyword.findWebElement(WebUIAbstractKeyword.groovy:27)
	at com.kms.katalon.core.webui.keyword.builtin.ClickKeyword$_click_closure1.doCall(ClickKeyword.groovy:65)
	at com.kms.katalon.core.webui.keyword.builtin.ClickKeyword$_click_closure1.call(ClickKeyword.groovy)
	at com.kms.katalon.core.webui.keyword.internal.WebUIKeywordMain.runKeyword(WebUIKeywordMain.groovy:20)
	... 19 more]]></system-out>
      <system-err><![CDATA[2023-05-23 17:51:28 - [TEST_SUITE][FAILED] - TS LOGIN VALID: Test Cases/Login/TC.REGLA.LOGOUT.001 FAILED.
Reason:
com.kms.katalon.core.exception.StepFailedException: Unable to click on object 'Object Repository/LOGOUT/URL LOGOUT/span_R'
	at com.kms.katalon.core.webui.keyword.internal.WebUIKeywordMain.stepFailed(WebUIKeywordMain.groovy:64)
	at com.kms.katalon.core.webui.keyword.internal.WebUIKeywordMain.runKeyword(WebUIKeywordMain.groovy:26)
	at com.kms.katalon.core.webui.keyword.builtin.ClickKeyword.click(ClickKeyword.groovy:74)
	at com.kms.katalon.core.webui.keyword.builtin.ClickKeyword.execute(ClickKeyword.groovy:40)
	at com.kms.katalon.core.keyword.internal.KeywordExecutor.executeKeywordForPlatform(KeywordExecutor.groovy:74)
	at com.kms.katalon.core.webui.keyword.WebUiBuiltInKeywords.click(WebUiBuiltInKeywords.groovy:620)
	at com.kms.katalon.core.webui.keyword.WebUiBuiltInKeywords$click$2.call(Unknown Source)
	at TC.REGLA.LOGOUT.001.run(TC.REGLA.LOGOUT.001:24)
	at com.kms.katalon.core.main.ScriptEngine.run(ScriptEngine.java:194)
	at com.kms.katalon.core.main.ScriptEngine.runScriptAsRawText(ScriptEngine.java:119)
	at com.kms.katalon.core.main.TestCaseExecutor.runScript(TestCaseExecutor.java:448)
	at com.kms.katalon.core.main.TestCaseExecutor.doExecute(TestCaseExecutor.java:439)
	at com.kms.katalon.core.main.TestCaseExecutor.processExecutionPhase(TestCaseExecutor.java:418)
	at com.kms.katalon.core.main.TestCaseExecutor.accessMainPhase(TestCaseExecutor.java:410)
	at com.kms.katalon.core.main.TestCaseExecutor.execute(TestCaseExecutor.java:285)
	at com.kms.katalon.core.common.CommonExecutor.accessTestCaseMainPhase(CommonExecutor.java:65)
	at com.kms.katalon.core.main.TestSuiteExecutor.accessTestSuiteMainPhase(TestSuiteExecutor.java:148)
	at com.kms.katalon.core.main.TestSuiteExecutor.execute(TestSuiteExecutor.java:106)
	at com.kms.katalon.core.main.TestCaseMain.startTestSuite(TestCaseMain.java:187)
	at com.kms.katalon.core.main.TestCaseMain$startTestSuite$0.call(Unknown Source)
	at TempTestSuite1684839085721.run(TempTestSuite1684839085721.groovy:36)
Caused by: com.kms.katalon.core.webui.exception.WebElementNotFoundException: Web element with id: 'Object Repository/LOGOUT/URL LOGOUT/span_R' located by '//span[@class='p-avatar-text']' not found
	at com.kms.katalon.core.webui.common.WebUiCommonHelper.findWebElement(WebUiCommonHelper.java:1376)
	at com.kms.katalon.core.webui.keyword.internal.WebUIAbstractKeyword.findWebElement(WebUIAbstractKeyword.groovy:27)
	at com.kms.katalon.core.webui.keyword.builtin.ClickKeyword$_click_closure1.doCall(ClickKeyword.groovy:65)
	at com.kms.katalon.core.webui.keyword.builtin.ClickKeyword$_click_closure1.call(ClickKeyword.groovy)
	at com.kms.katalon.core.webui.keyword.internal.WebUIKeywordMain.runKeyword(WebUIKeywordMain.groovy:20)
	... 19 more]]></system-err>
   </testsuite>
</testsuites>
